0 info it worked if it ends with ok
1 verbose cli [ 'node', '/usr/local/bin/npm', 'install' ]
2 info using npm@2.1.5
3 info using node@v0.10.32
4 verbose node symlink /usr/local/bin/node
5 verbose install where, deps [ '/Users/yuuki/docker/hubot-latest',
5 verbose install   [ 'hubot',
5 verbose install     'hubot-diagnostics',
5 verbose install     'hubot-google-images',
5 verbose install     'hubot-google-translate',
5 verbose install     'hubot-help',
5 verbose install     'hubot-heroku-keepalive',
5 verbose install     'hubot-kandan',
5 verbose install     'hubot-maps',
5 verbose install     'hubot-pugme',
5 verbose install     'hubot-redis-brain',
5 verbose install     'hubot-rules',
5 verbose install     'hubot-scripts',
5 verbose install     'hubot-shipit',
5 verbose install     'hubot-youtube' ] ]
6 verbose install where, peers [ '/Users/yuuki/docker/hubot-latest', [] ]
7 info preinstall hubot-latest@0.0.0
8 warn package.json hubot-maps@0.0.0 No repository field.
9 verbose already installed skipping hubot-maps@0.0.0 /Users/yuuki/docker/hubot-latest
10 verbose already installed skipping hubot-pugme@^0.1.0 /Users/yuuki/docker/hubot-latest
11 verbose already installed skipping hubot-redis-brain@0.0.2 /Users/yuuki/docker/hubot-latest
12 verbose already installed skipping hubot-rules@^0.1.0 /Users/yuuki/docker/hubot-latest
13 verbose already installed skipping hubot-scripts@^2.5.16 /Users/yuuki/docker/hubot-latest
14 verbose already installed skipping hubot-shipit@^0.1.1 /Users/yuuki/docker/hubot-latest
15 verbose already installed skipping hubot-youtube@^0.1.2 /Users/yuuki/docker/hubot-latest
16 verbose already installed skipping hubot@^2.9.3 /Users/yuuki/docker/hubot-latest
17 verbose already installed skipping hubot-diagnostics@0.0.1 /Users/yuuki/docker/hubot-latest
18 verbose already installed skipping hubot-google-images@^0.1.0 /Users/yuuki/docker/hubot-latest
19 verbose already installed skipping hubot-google-translate@^0.1.0 /Users/yuuki/docker/hubot-latest
20 verbose already installed skipping hubot-help@^0.1.1 /Users/yuuki/docker/hubot-latest
21 verbose already installed skipping hubot-heroku-keepalive@0.0.4 /Users/yuuki/docker/hubot-latest
22 silly cache add args [ 'hubot-kandan@^0.9.6', null ]
23 verbose cache add spec hubot-kandan@^0.9.6
24 silly cache add parsed spec { raw: 'hubot-kandan@^0.9.6',
24 silly cache add   scope: null,
24 silly cache add   name: 'hubot-kandan',
24 silly cache add   rawSpec: '^0.9.6',
24 silly cache add   spec: '>=0.9.6 <0.10.0',
24 silly cache add   type: 'range' }
25 verbose addNamed hubot-kandan@>=0.9.6 <0.10.0
26 silly addNamed semver.valid null
27 silly addNamed semver.validRange >=0.9.6 <0.10.0
28 silly addNameRange { name: 'hubot-kandan',
28 silly addNameRange   range: '>=0.9.6 <0.10.0',
28 silly addNameRange   hasData: false }
29 verbose mapToRegistry name hubot-kandan
30 verbose mapToRegistry uri https://registry.npmjs.org/hubot-kandan
31 verbose addNameRange registry:https://registry.npmjs.org/hubot-kandan not in flight; fetching
32 verbose request on initialization, where is /hubot-kandan
33 verbose request after pass 1, where is /hubot-kandan
34 verbose request url raw /hubot-kandan
35 verbose request resolving registry [ 'https://registry.npmjs.org/', './hubot-kandan' ]
36 verbose request after pass 2, where is https://registry.npmjs.org/hubot-kandan
37 verbose request no auth needed
38 info attempt registry request try #1 at 06:35:24
39 verbose request id ed4a1eea67c92a1e
40 verbose etag "7NKDTRS17YRIOL6UP87HPBW39"
41 http request GET https://registry.npmjs.org/hubot-kandan
42 http 304 https://registry.npmjs.org/hubot-kandan
43 silly registry.get cb [ 304,
43 silly registry.get   { date: 'Tue, 04 Nov 2014 21:35:24 GMT',
43 silly registry.get     server: 'Apache',
43 silly registry.get     via: '1.1 varnish',
43 silly registry.get     'last-modified': 'Tue, 04 Nov 2014 21:35:24 GMT',
43 silly registry.get     'cache-control': 'max-age=60',
43 silly registry.get     etag: '"7NKDTRS17YRIOL6UP87HPBW39"',
43 silly registry.get     age: '0',
43 silly registry.get     'x-served-by': 'cache-ty68-TYO',
43 silly registry.get     'x-cache': 'MISS',
43 silly registry.get     'x-cache-hits': '0',
43 silly registry.get     'x-timer': 'S1415136924.169706,VS0,VE123',
43 silly registry.get     vary: 'Accept',
43 silly registry.get     'content-length': '0',
43 silly registry.get     'keep-alive': 'timeout=10, max=50',
43 silly registry.get     connection: 'Keep-Alive' } ]
44 verbose etag https://registry.npmjs.org/hubot-kandan from cache
45 silly addNameRange number 2 { name: 'hubot-kandan', range: '>=0.9.6 <0.10.0', hasData: true }
46 silly addNameRange versions [ 'hubot-kandan',
46 silly addNameRange   [ '0.9.0', '0.9.1', '0.9.2', '0.9.3', '0.9.4', '0.9.5', '0.9.6' ] ]
47 verbose addNamed hubot-kandan@0.9.6
48 silly addNamed semver.valid 0.9.6
49 silly addNamed semver.validRange 0.9.6
50 silly cache afterAdd hubot-kandan@0.9.6
51 verbose afterAdd /Users/yuuki/.npm/hubot-kandan/0.9.6/package/package.json not in flight; writing
52 verbose afterAdd /Users/yuuki/.npm/hubot-kandan/0.9.6/package/package.json written
53 silly install resolved [ { name: 'hubot-kandan',
53 silly install resolved     version: '0.9.6',
53 silly install resolved     author: { name: 'kandan' },
53 silly install resolved     keywords: [ 'github hubot kandan adapter' ],
53 silly install resolved     description: 'A Kandan adapter for hubot',
53 silly install resolved     licenses: [ [Object] ],
53 silly install resolved     repository:
53 silly install resolved      { type: 'git',
53 silly install resolved        url: 'git://github.com/cloudfuji/hubot-kandan.git' },
53 silly install resolved     dependencies: { faye: '0.8.2' },
53 silly install resolved     devDependencies: { 'coffee-script': '1.1.3' },
53 silly install resolved     main: './src/kandan.coffee',
53 silly install resolved     _npmUser: { name: 'sgrove', email: 's@bushi.do' },
53 silly install resolved     _id: 'hubot-kandan@0.9.6',
53 silly install resolved     optionalDependencies: {},
53 silly install resolved     engines: { node: '*' },
53 silly install resolved     _engineSupported: true,
53 silly install resolved     _npmVersion: '1.1.21',
53 silly install resolved     _nodeVersion: 'v0.6.11',
53 silly install resolved     _defaultsLoaded: true,
53 silly install resolved     dist:
53 silly install resolved      { shasum: 'ce5c187b2b48e7c6f16c0c6aaffc838cfda058c9',
53 silly install resolved        tarball: 'http://registry.npmjs.org/hubot-kandan/-/hubot-kandan-0.9.6.tgz' },
53 silly install resolved     maintainers: [ [Object], [Object] ],
53 silly install resolved     directories: {},
53 silly install resolved     _shasum: 'ce5c187b2b48e7c6f16c0c6aaffc838cfda058c9',
53 silly install resolved     _resolved: 'https://registry.npmjs.org/hubot-kandan/-/hubot-kandan-0.9.6.tgz',
53 silly install resolved     _from: 'hubot-kandan@>=0.9.6 <0.10.0',
53 silly install resolved     bugs: { url: 'https://github.com/cloudfuji/hubot-kandan/issues' },
53 silly install resolved     readme: 'ERROR: No README data found!',
53 silly install resolved     homepage: 'https://github.com/cloudfuji/hubot-kandan' } ]
54 info install hubot-kandan@0.9.6 into /Users/yuuki/docker/hubot-latest
55 info installOne hubot-kandan@0.9.6
56 verbose installOne of hubot-kandan to /Users/yuuki/docker/hubot-latest not in flight; installing
57 verbose lock using /Users/yuuki/.npm/_locks/hubot-kandan-71192a92bda319e5.lock for /Users/yuuki/docker/hubot-latest/node_modules/hubot-kandan
58 verbose unlock done using /Users/yuuki/.npm/_locks/hubot-kandan-71192a92bda319e5.lock for /Users/yuuki/docker/hubot-latest/node_modules/hubot-kandan
59 verbose stack Error: Appears to be a git repo or submodule.
59 verbose stack     at /usr/local/lib/node_modules/npm/node_modules/npm-install-checks/index.js:139:15
59 verbose stack     at Object.oncomplete (fs.js:107:15)
60 verbose cwd /Users/yuuki/docker/hubot-latest
61 error Darwin 14.0.0
62 error argv "node" "/usr/local/bin/npm" "install"
63 error node v0.10.32
64 error npm  v2.1.5
65 error path /Users/yuuki/docker/hubot-latest/node_modules/hubot-kandan
66 error code EISGIT
67 error git Appears to be a git repo or submodule.
67 error git     /Users/yuuki/docker/hubot-latest/node_modules/hubot-kandan
67 error git Refusing to remove it. Update manually,
67 error git or move it out of the way first.
68 verbose exit [ 1, true ]
